Arguments: 
  /Users/kristoferpelchat/.nvm/versions/node/v10.15.0/bin/node /usr/local/bin/yarn ios

PATH: 
  /Library/Frameworks/Python.framework/Versions/3.7/bin:/Users/kristoferpelchat/.nvm/versions/node/v10.15.0/bin:~/Library/Python/3.6/bin:/Library/Frameworks/Python.framework/Versions/3.6/bin:/usr/local/bin:/usr/bin:/bin:/usr/sbin:/sbin:/Library/Frameworks/Python.framework/Versions/3.7/bin:/Users/kristoferpelchat/.nvm/versions/node/v10.15.0/bin:~/Library/Python/3.6/bin:/Library/Frameworks/Python.framework/Versions/3.6/bin:/Users/kristoferpelchat/dev/go/bin:~/Library/Android/sdk/build-tools/27.0.3:/Users/kristoferpelchat/Library/Android/sdk/tools:/Users/kristoferpelchat/Library/Android/sdk/tools/bin:/Users/kristoferpelchat/Library/Android/sdk/platform-tools:/Users/kristoferpelchat/dev/go/bin:~/Library/Android/sdk/build-tools/27.0.3:/Users/kristoferpelchat/Library/Android/sdk/tools:/Users/kristoferpelchat/Library/Android/sdk/tools/bin:/Users/kristoferpelchat/Library/Android/sdk/platform-tools:/Users/kristoferpelchat/dev/go/bin

Yarn version: 
  1.5.1

Node version: 
  10.15.0

Platform: 
  darwin x64

npm manifest: 
  {
    "name": "appfairy",
    "version": "0.7.3",
    "description": "A CLI tool to Migrate a Webflow project into a React app",
    "main": "build/appfairy.js",
    "bin": {
      "appfairy": "appfairy"
    },
    "scripts": {
      "build": "webpack --config webpack_config.js",
      "prepublish": "npm run build",
      "test": "npx mocha --require @babel/register"
    },
    "dependencies": {
      "cheerio": "^1.0.0-rc.2",
      "clean-css": "^4.2.1",
      "execa": "^2.0.4",
      "find-root": "^1.1.0",
      "fs-extra": "^8.1.0",
      "htmltojsx": "^0.3.0",
      "minimist": "^1.2.0",
      "node-fetch": "^2.6.0",
      "resolve": "^1.12.0",
      "source-map-support": "^0.5.13",
      "statuses": "^1.5.0",
      "uglify-js": "^3.6.0"
    },
    "devDependencies": {
      "@babel/core": "^7.5.5",
      "@babel/node": "^7.5.5",
      "@babel/plugin-proposal-decorators": "^7.4.4",
      "@babel/plugin-transform-runtime": "^7.5.5",
      "@babel/preset-env": "^7.5.5",
      "@babel/preset-react": "^7.0.0",
      "@babel/register": "^7.5.5",
      "@babel/runtime": "^7.5.5",
      "babel-core": "^6.26.3",
      "babel-eslint": "^10.0.3",
      "babel-loader": "^8.0.6",
      "eslint": "^6.3.0",
      "eslint-loader": "^3.0.0",
      "mocha": "^6.2.0",
      "recursive-readdir": "^2.2.2",
      "webpack": "^4.39.3",
      "webpack-cli": "^3.3.7",
      "webpack-node-externals": "^1.7.2"
    }
  }

yarn manifest: 
  No manifest

Lockfile: 
  No lockfile

Trace: 
  Error: Command "ios" not found.
      at new MessageError (/usr/local/lib/node_modules/yarn/lib/cli.js:186:110)
      at /usr/local/lib/node_modules/yarn/lib/cli.js:87307:17
      at Generator.next (<anonymous>)
      at step (/usr/local/lib/node_modules/yarn/lib/cli.js:98:30)
      at /usr/local/lib/node_modules/yarn/lib/cli.js:116:14
      at new Promise (<anonymous>)
      at new F (/usr/local/lib/node_modules/yarn/lib/cli.js:23451:28)
      at /usr/local/lib/node_modules/yarn/lib/cli.js:95:12
      at runCommand (/usr/local/lib/node_modules/yarn/lib/cli.js:87312:22)
      at Object.<anonymous> (/usr/local/lib/node_modules/yarn/lib/cli.js:87412:14)
